2018-04-26 08:22:32,788 [Worker-3] INFO  o.e.m.c.i.l.LifecycleMappingFactory - Using org.eclipse.m2e.jdt.JarLifecycleMapping lifecycle mapping for MavenProject: edu.aspire:PSSBook:1 @ D:\Spring Advanced Online\MicroservicesWorkspace\BookingFlightTickets\pom.xml.
2018-04-26 08:22:40,824 [Worker-3] INFO  o.e.m.c.i.embedder.EclipseLogger - Using 'UTF-8' encoding to copy filtered resources.
2018-04-26 08:22:40,828 [Worker-3] INFO  o.e.m.c.i.embedder.EclipseLogger - Copying 1 resource
2018-04-26 08:22:40,883 [Worker-3] INFO  o.e.m.c.i.embedder.EclipseLogger - Copying 0 resource
2018-04-26 08:22:40,887 [Worker-3] INFO  o.e.m.c.i.embedder.EclipseLogger - Using 'UTF-8' encoding to copy filtered resources.
2018-04-26 08:22:40,888 [Worker-3] INFO  o.e.m.c.i.embedder.EclipseLogger - skip non existing resourceDirectory D:\Spring Advanced Online\MicroservicesWorkspace\BookingFlightTickets\src\test\resources
2018-04-26 08:22:41,813 [Worker-3] INFO  o.e.m.c.i.l.LifecycleMappingFactory - Using org.eclipse.m2e.jdt.JarLifecycleMapping lifecycle mapping for MavenProject: edu.aspire:CheckInCustomers:1 @ D:\Spring Advanced Online\MicroservicesWorkspace\CheckInCustomers\pom.xml.
2018-04-26 08:22:43,552 [Worker-3] INFO  o.e.m.c.i.embedder.EclipseLogger - Using 'UTF-8' encoding to copy filtered resources.
2018-04-26 08:22:43,553 [Worker-3] INFO  o.e.m.c.i.embedder.EclipseLogger - Copying 1 resource
2018-04-26 08:22:43,554 [Worker-3] INFO  o.e.m.c.i.embedder.EclipseLogger - Copying 0 resource
2018-04-26 08:22:43,557 [Worker-3] INFO  o.e.m.c.i.embedder.EclipseLogger - Using 'UTF-8' encoding to copy filtered resources.
2018-04-26 08:22:43,557 [Worker-3] INFO  o.e.m.c.i.embedder.EclipseLogger - skip non existing resourceDirectory D:\Spring Advanced Online\MicroservicesWorkspace\CheckInCustomers\src\test\resources
2018-04-26 08:22:44,306 [Worker-3] INFO  o.e.m.c.i.l.LifecycleMappingFactory - Using org.eclipse.m2e.jdt.JarLifecycleMapping lifecycle mapping for MavenProject: edu.aspire:FaresFlightTickets:1 @ D:\Spring Advanced Online\MicroservicesWorkspace\FaresFlightTickets\pom.xml.
2018-04-26 08:22:45,535 [Worker-3] INFO  o.e.m.c.i.embedder.EclipseLogger - Using 'UTF-8' encoding to copy filtered resources.
2018-04-26 08:22:45,536 [Worker-3] INFO  o.e.m.c.i.embedder.EclipseLogger - Copying 1 resource
2018-04-26 08:22:45,537 [Worker-3] INFO  o.e.m.c.i.embedder.EclipseLogger - Copying 0 resource
2018-04-26 08:22:45,542 [Worker-3] INFO  o.e.m.c.i.embedder.EclipseLogger - Using 'UTF-8' encoding to copy filtered resources.
2018-04-26 08:22:45,542 [Worker-3] INFO  o.e.m.c.i.embedder.EclipseLogger - skip non existing resourceDirectory D:\Spring Advanced Online\MicroservicesWorkspace\FaresFlightTickets\src\test\resources
2018-04-26 08:22:46,464 [Worker-3] INFO  o.e.m.c.i.l.LifecycleMappingFactory - Using org.eclipse.m2e.jdt.JarLifecycleMapping lifecycle mapping for MavenProject: edu.aspire:FlightsWebSite:1 @ D:\Spring Advanced Online\MicroservicesWorkspace\FlightsWebSite\pom.xml.
2018-04-26 08:22:48,212 [Worker-3] INFO  o.e.m.c.i.embedder.EclipseLogger - Using 'UTF-8' encoding to copy filtered resources.
2018-04-26 08:22:48,213 [Worker-3] INFO  o.e.m.c.i.embedder.EclipseLogger - Copying 1 resource
2018-04-26 08:22:48,215 [Worker-3] INFO  o.e.m.c.i.embedder.EclipseLogger - Copying 7 resources
2018-04-26 08:22:48,265 [Worker-3] INFO  o.e.m.c.i.embedder.EclipseLogger - Using 'UTF-8' encoding to copy filtered resources.
2018-04-26 08:22:48,266 [Worker-3] INFO  o.e.m.c.i.embedder.EclipseLogger - skip non existing resourceDirectory D:\Spring Advanced Online\MicroservicesWorkspace\FlightsWebSite\src\test\resources
2018-04-26 08:22:49,065 [Worker-3] INFO  o.e.m.c.i.l.LifecycleMappingFactory - Using org.eclipse.m2e.jdt.JarLifecycleMapping lifecycle mapping for MavenProject: edu.aspire:SearchFlightTickets:1 @ D:\Spring Advanced Online\MicroservicesWorkspace\SearchFlightTickets\pom.xml.
2018-04-26 08:22:50,422 [Worker-3] INFO  o.e.m.c.i.embedder.EclipseLogger - Using 'UTF-8' encoding to copy filtered resources.
2018-04-26 08:22:50,423 [Worker-3] INFO  o.e.m.c.i.embedder.EclipseLogger - Copying 1 resource
2018-04-26 08:22:50,424 [Worker-3] INFO  o.e.m.c.i.embedder.EclipseLogger - Copying 0 resource
2018-04-26 08:22:50,427 [Worker-3] INFO  o.e.m.c.i.embedder.EclipseLogger - Using 'UTF-8' encoding to copy filtered resources.
2018-04-26 08:22:50,428 [Worker-3] INFO  o.e.m.c.i.embedder.EclipseLogger - skip non existing resourceDirectory D:\Spring Advanced Online\MicroservicesWorkspace\SearchFlightTickets\src\test\resources
2018-04-26 08:22:54,812 [Worker-8] INFO  o.e.m.c.i.embedder.EclipseLogger - Using 'UTF-8' encoding to copy filtered resources.
2018-04-26 08:22:54,817 [Worker-8] INFO  o.e.m.c.i.embedder.EclipseLogger - Copying 1 resource
2018-04-26 08:22:54,819 [Worker-8] INFO  o.e.m.c.i.embedder.EclipseLogger - Copying 0 resource
2018-04-26 08:22:54,823 [Worker-8] INFO  o.e.m.c.i.embedder.EclipseLogger - Using 'UTF-8' encoding to copy filtered resources.
2018-04-26 08:22:54,823 [Worker-8] INFO  o.e.m.c.i.embedder.EclipseLogger - skip non existing resourceDirectory D:\Spring Advanced Online\MicroservicesWorkspace\BookingFlightTickets\src\test\resources
2018-04-26 08:22:57,582 [Worker-8] INFO  o.e.m.c.i.embedder.EclipseLogger - Using 'UTF-8' encoding to copy filtered resources.
2018-04-26 08:22:57,584 [Worker-8] INFO  o.e.m.c.i.embedder.EclipseLogger - Copying 1 resource
2018-04-26 08:22:57,586 [Worker-8] INFO  o.e.m.c.i.embedder.EclipseLogger - Copying 0 resource
2018-04-26 08:22:57,589 [Worker-8] INFO  o.e.m.c.i.embedder.EclipseLogger - Using 'UTF-8' encoding to copy filtered resources.
2018-04-26 08:22:57,589 [Worker-8] INFO  o.e.m.c.i.embedder.EclipseLogger - skip non existing resourceDirectory D:\Spring Advanced Online\MicroservicesWorkspace\CheckInCustomers\src\test\resources
2018-04-26 08:22:58,962 [Worker-8] INFO  o.e.m.c.i.embedder.EclipseLogger - Using 'UTF-8' encoding to copy filtered resources.
2018-04-26 08:22:58,963 [Worker-8] INFO  o.e.m.c.i.embedder.EclipseLogger - Copying 1 resource
2018-04-26 08:22:58,965 [Worker-8] INFO  o.e.m.c.i.embedder.EclipseLogger - Copying 0 resource
2018-04-26 08:22:58,974 [Worker-8] INFO  o.e.m.c.i.embedder.EclipseLogger - Using 'UTF-8' encoding to copy filtered resources.
2018-04-26 08:22:58,974 [Worker-8] INFO  o.e.m.c.i.embedder.EclipseLogger - skip non existing resourceDirectory D:\Spring Advanced Online\MicroservicesWorkspace\FaresFlightTickets\src\test\resources
2018-04-26 08:23:00,328 [Worker-8] INFO  o.e.m.c.i.embedder.EclipseLogger - Using 'UTF-8' encoding to copy filtered resources.
2018-04-26 08:23:00,329 [Worker-8] INFO  o.e.m.c.i.embedder.EclipseLogger - Copying 1 resource
2018-04-26 08:23:00,332 [Worker-8] INFO  o.e.m.c.i.embedder.EclipseLogger - Copying 7 resources
2018-04-26 08:23:00,350 [Worker-8] INFO  o.e.m.c.i.embedder.EclipseLogger - Using 'UTF-8' encoding to copy filtered resources.
2018-04-26 08:23:00,350 [Worker-8] INFO  o.e.m.c.i.embedder.EclipseLogger - skip non existing resourceDirectory D:\Spring Advanced Online\MicroservicesWorkspace\FlightsWebSite\src\test\resources
2018-04-26 08:23:02,244 [Worker-8] INFO  o.e.m.c.i.embedder.EclipseLogger - Using 'UTF-8' encoding to copy filtered resources.
2018-04-26 08:23:02,245 [Worker-8] INFO  o.e.m.c.i.embedder.EclipseLogger - Copying 1 resource
2018-04-26 08:23:02,247 [Worker-8] INFO  o.e.m.c.i.embedder.EclipseLogger - Copying 0 resource
2018-04-26 08:23:02,251 [Worker-8] INFO  o.e.m.c.i.embedder.EclipseLogger - Using 'UTF-8' encoding to copy filtered resources.
2018-04-26 08:23:02,251 [Worker-8] INFO  o.e.m.c.i.embedder.EclipseLogger - skip non existing resourceDirectory D:\Spring Advanced Online\MicroservicesWorkspace\SearchFlightTickets\src\test\resources
2018-04-26 08:24:43,296 [Worker-12] INFO  o.e.m.c.i.embedder.EclipseLogger - Using 'UTF-8' encoding to copy filtered resources.
2018-04-26 08:24:43,297 [Worker-12] INFO  o.e.m.c.i.embedder.EclipseLogger - Copying 1 resource
2018-04-26 08:24:43,303 [Worker-12] INFO  o.e.m.c.i.embedder.EclipseLogger - Copying 0 resource
2018-04-26 08:24:43,305 [Worker-12] INFO  o.e.m.c.i.embedder.EclipseLogger - Using 'UTF-8' encoding to copy filtered resources.
2018-04-26 08:24:43,306 [Worker-12] INFO  o.e.m.c.i.embedder.EclipseLogger - skip non existing resourceDirectory D:\Spring Advanced Online\MicroservicesWorkspace\FaresFlightTickets\src\test\resources
2018-04-26 08:28:18,147 [Worker-13] INFO  o.e.m.c.i.embedder.EclipseLogger - Using 'UTF-8' encoding to copy filtered resources.
2018-04-26 08:28:18,149 [Worker-13] INFO  o.e.m.c.i.embedder.EclipseLogger - Copying 1 resource
2018-04-26 08:28:18,153 [Worker-13] INFO  o.e.m.c.i.embedder.EclipseLogger - Copying 0 resource
2018-04-26 08:28:18,155 [Worker-13] INFO  o.e.m.c.i.embedder.EclipseLogger - Using 'UTF-8' encoding to copy filtered resources.
2018-04-26 08:28:18,159 [Worker-13] INFO  o.e.m.c.i.embedder.EclipseLogger - skip non existing resourceDirectory D:\Spring Advanced Online\MicroservicesWorkspace\FaresFlightTickets\src\test\resources
2018-04-26 08:31:01,317 [Worker-2] INFO  o.e.m.c.i.embedder.EclipseLogger - Using 'UTF-8' encoding to copy filtered resources.
2018-04-26 08:31:01,321 [Worker-2] INFO  o.e.m.c.i.embedder.EclipseLogger - Copying 1 resource
2018-04-26 08:31:01,323 [Worker-2] INFO  o.e.m.c.i.embedder.EclipseLogger - Copying 0 resource
2018-04-26 08:31:01,325 [Worker-2] INFO  o.e.m.c.i.embedder.EclipseLogger - Using 'UTF-8' encoding to copy filtered resources.
2018-04-26 08:31:01,326 [Worker-2] INFO  o.e.m.c.i.embedder.EclipseLogger - skip non existing resourceDirectory D:\Spring Advanced Online\MicroservicesWorkspace\FaresFlightTickets\src\test\resources
2018-04-26 08:43:38,701 [Worker-18] INFO  o.e.m.c.i.l.LifecycleMappingFactory - Using org.eclipse.m2e.jdt.JarLifecycleMapping lifecycle mapping for MavenProject: com.javainuse:spring-boot-admin:0.0.1-SNAPSHOT @ D:\Spring Advanced Online\MicroservicesWorkspace\spring-boot-admin\pom.xml.
2018-04-26 08:43:44,486 [Worker-18] INFO  o.e.m.c.i.embedder.EclipseLogger - Using 'UTF-8' encoding to copy filtered resources.
2018-04-26 08:43:44,487 [Worker-18] INFO  o.e.m.c.i.embedder.EclipseLogger - Copying 1 resource
2018-04-26 08:43:44,488 [Worker-18] INFO  o.e.m.c.i.embedder.EclipseLogger - Copying 0 resource
2018-04-26 08:43:44,492 [Worker-18] INFO  o.e.m.c.i.embedder.EclipseLogger - Using 'UTF-8' encoding to copy filtered resources.
2018-04-26 08:43:44,492 [Worker-18] INFO  o.e.m.c.i.embedder.EclipseLogger - skip non existing resourceDirectory D:\Spring Advanced Online\MicroservicesWorkspace\spring-boot-admin\src\test\resources
2018-04-26 08:43:49,649 [Worker-18] INFO  o.e.m.c.i.embedder.EclipseLogger - Using 'UTF-8' encoding to copy filtered resources.
2018-04-26 08:43:49,650 [Worker-18] INFO  o.e.m.c.i.embedder.EclipseLogger - Copying 1 resource
2018-04-26 08:43:49,652 [Worker-18] INFO  o.e.m.c.i.embedder.EclipseLogger - Copying 0 resource
2018-04-26 08:43:49,655 [Worker-18] INFO  o.e.m.c.i.embedder.EclipseLogger - Using 'UTF-8' encoding to copy filtered resources.
2018-04-26 08:43:49,655 [Worker-18] INFO  o.e.m.c.i.embedder.EclipseLogger - skip non existing resourceDirectory D:\Spring Advanced Online\MicroservicesWorkspace\spring-boot-admin\src\test\resources
2018-04-26 08:47:36,835 [Worker-22] INFO  o.e.m.c.i.l.LifecycleMappingFactory - Using org.eclipse.m2e.jdt.JarLifecycleMapping lifecycle mapping for MavenProject: edu.aspire:FaresFlightTickets:1 @ D:\Spring Advanced Online\MicroservicesWorkspace\FaresFlightTickets\pom.xml.
2018-04-26 08:47:38,315 [Worker-22] INFO  o.e.m.c.i.embedder.EclipseLogger - Using 'UTF-8' encoding to copy filtered resources.
2018-04-26 08:47:38,315 [Worker-22] INFO  o.e.m.c.i.embedder.EclipseLogger - Copying 0 resource
2018-04-26 08:47:38,315 [Worker-22] INFO  o.e.m.c.i.embedder.EclipseLogger - Copying 0 resource
2018-04-26 08:47:38,318 [Worker-22] INFO  o.e.m.c.i.embedder.EclipseLogger - Using 'UTF-8' encoding to copy filtered resources.
2018-04-26 08:47:38,318 [Worker-22] INFO  o.e.m.c.i.embedder.EclipseLogger - skip non existing resourceDirectory D:\Spring Advanced Online\MicroservicesWorkspace\FaresFlightTickets\src\test\resources
2018-04-26 08:47:41,178 [Worker-22] INFO  o.e.m.c.i.embedder.EclipseLogger - Using 'UTF-8' encoding to copy filtered resources.
2018-04-26 08:47:41,179 [Worker-22] INFO  o.e.m.c.i.embedder.EclipseLogger - Copying 1 resource
2018-04-26 08:47:41,181 [Worker-22] INFO  o.e.m.c.i.embedder.EclipseLogger - Copying 0 resource
2018-04-26 08:47:41,183 [Worker-22] INFO  o.e.m.c.i.embedder.EclipseLogger - Using 'UTF-8' encoding to copy filtered resources.
2018-04-26 08:47:41,183 [Worker-22] INFO  o.e.m.c.i.embedder.EclipseLogger - skip non existing resourceDirectory D:\Spring Advanced Online\MicroservicesWorkspace\FaresFlightTickets\src\test\resources
2018-04-26 08:47:51,589 [Worker-25] INFO  o.e.m.c.i.l.LifecycleMappingFactory - Using org.eclipse.m2e.jdt.JarLifecycleMapping lifecycle mapping for MavenProject: edu.aspire:FaresFlightTickets:1 @ D:\Spring Advanced Online\MicroservicesWorkspace\FaresFlightTickets\pom.xml.
2018-04-26 08:47:57,962 [Worker-18] INFO  o.e.m.c.i.l.LifecycleMappingFactory - Using org.eclipse.m2e.jdt.JarLifecycleMapping lifecycle mapping for MavenProject: edu.aspire:FaresFlightTickets:1 @ D:\Spring Advanced Online\MicroservicesWorkspace\FaresFlightTickets\pom.xml.
2018-04-26 08:47:59,048 [Worker-18] INFO  o.e.m.c.i.embedder.EclipseLogger - Using 'UTF-8' encoding to copy filtered resources.
2018-04-26 08:47:59,048 [Worker-18] INFO  o.e.m.c.i.embedder.EclipseLogger - Copying 0 resource
2018-04-26 08:47:59,052 [Worker-18] INFO  o.e.m.c.i.embedder.EclipseLogger - Copying 0 resource
2018-04-26 08:47:59,055 [Worker-18] INFO  o.e.m.c.i.embedder.EclipseLogger - Using 'UTF-8' encoding to copy filtered resources.
2018-04-26 08:47:59,056 [Worker-18] INFO  o.e.m.c.i.embedder.EclipseLogger - skip non existing resourceDirectory D:\Spring Advanced Online\MicroservicesWorkspace\FaresFlightTickets\src\test\resources
2018-04-26 08:48:00,917 [Worker-24] INFO  o.e.m.c.i.embedder.EclipseLogger - Using 'UTF-8' encoding to copy filtered resources.
2018-04-26 08:48:00,918 [Worker-24] INFO  o.e.m.c.i.embedder.EclipseLogger - Copying 1 resource
2018-04-26 08:48:00,921 [Worker-24] INFO  o.e.m.c.i.embedder.EclipseLogger - Copying 0 resource
2018-04-26 08:48:00,924 [Worker-24] INFO  o.e.m.c.i.embedder.EclipseLogger - Using 'UTF-8' encoding to copy filtered resources.
2018-04-26 08:48:00,924 [Worker-24] INFO  o.e.m.c.i.embedder.EclipseLogger - skip non existing resourceDirectory D:\Spring Advanced Online\MicroservicesWorkspace\FaresFlightTickets\src\test\resources
2018-04-26 08:48:18,399 [Worker-18] INFO  o.e.m.c.i.embedder.EclipseLogger - Using 'UTF-8' encoding to copy filtered resources.
2018-04-26 08:48:18,401 [Worker-18] INFO  o.e.m.c.i.embedder.EclipseLogger - Copying 1 resource
2018-04-26 08:48:18,403 [Worker-18] INFO  o.e.m.c.i.embedder.EclipseLogger - Copying 0 resource
2018-04-26 08:48:18,405 [Worker-18] INFO  o.e.m.c.i.embedder.EclipseLogger - Using 'UTF-8' encoding to copy filtered resources.
2018-04-26 08:48:18,405 [Worker-18] INFO  o.e.m.c.i.embedder.EclipseLogger - skip non existing resourceDirectory D:\Spring Advanced Online\MicroservicesWorkspace\FaresFlightTickets\src\test\resources
2018-04-26 08:48:34,839 [Worker-24] INFO  o.e.m.c.i.embedder.EclipseLogger - Using 'UTF-8' encoding to copy filtered resources.
2018-04-26 08:48:34,840 [Worker-24] INFO  o.e.m.c.i.embedder.EclipseLogger - Copying 1 resource
2018-04-26 08:48:34,841 [Worker-24] INFO  o.e.m.c.i.embedder.EclipseLogger - Copying 0 resource
2018-04-26 08:48:34,842 [Worker-24] INFO  o.e.m.c.i.embedder.EclipseLogger - Using 'UTF-8' encoding to copy filtered resources.
2018-04-26 08:48:34,842 [Worker-24] INFO  o.e.m.c.i.embedder.EclipseLogger - skip non existing resourceDirectory D:\Spring Advanced Online\MicroservicesWorkspace\FaresFlightTickets\src\test\resources
2018-04-30 08:12:03,624 [Worker-20] INFO  o.e.m.c.i.embedder.EclipseLogger - Using 'UTF-8' encoding to copy filtered resources.
2018-04-30 08:12:03,643 [Worker-20] INFO  o.e.m.c.i.embedder.EclipseLogger - Copying 1 resource
2018-04-30 08:12:03,672 [Worker-20] INFO  o.e.m.c.i.embedder.EclipseLogger - Copying 0 resource
2018-04-30 08:12:03,677 [Worker-20] INFO  o.e.m.c.i.embedder.EclipseLogger - Using 'UTF-8' encoding to copy filtered resources.
2018-04-30 08:12:03,677 [Worker-20] INFO  o.e.m.c.i.embedder.EclipseLogger - skip non existing resourceDirectory D:\Spring Advanced Online\MicroservicesWorkspace\spring-boot-admin\src\test\resources
2018-04-30 08:12:30,823 [Worker-15] INFO  o.e.m.c.i.l.LifecycleMappingFactory - Using org.eclipse.m2e.jdt.JarLifecycleMapping lifecycle mapping for MavenProject: edu.aspire:PSSBook:1 @ D:\Spring Advanced Online\MicroservicesWorkspace\BookingFlightTickets\pom.xml.
2018-04-30 08:12:32,456 [Worker-15] INFO  o.e.m.c.i.embedder.EclipseLogger - Using 'UTF-8' encoding to copy filtered resources.
2018-04-30 08:12:32,457 [Worker-15] INFO  o.e.m.c.i.embedder.EclipseLogger - Copying 1 resource
2018-04-30 08:12:32,460 [Worker-15] INFO  o.e.m.c.i.embedder.EclipseLogger - Copying 0 resource
2018-04-30 08:12:32,462 [Worker-15] INFO  o.e.m.c.i.embedder.EclipseLogger - Using 'UTF-8' encoding to copy filtered resources.
2018-04-30 08:12:32,463 [Worker-15] INFO  o.e.m.c.i.embedder.EclipseLogger - skip non existing resourceDirectory D:\Spring Advanced Online\MicroservicesWorkspace\BookingFlightTickets\src\test\resources
2018-04-30 08:12:33,229 [Worker-15] INFO  o.e.m.c.i.l.LifecycleMappingFactory - Using org.eclipse.m2e.jdt.JarLifecycleMapping lifecycle mapping for MavenProject: edu.aspire:CheckInCustomers:1 @ D:\Spring Advanced Online\MicroservicesWorkspace\CheckInCustomers\pom.xml.
2018-04-30 08:12:34,817 [Worker-15] INFO  o.e.m.c.i.embedder.EclipseLogger - Using 'UTF-8' encoding to copy filtered resources.
2018-04-30 08:12:34,817 [Worker-15] INFO  o.e.m.c.i.embedder.EclipseLogger - Copying 1 resource
2018-04-30 08:12:34,820 [Worker-15] INFO  o.e.m.c.i.embedder.EclipseLogger - Copying 0 resource
2018-04-30 08:12:34,822 [Worker-15] INFO  o.e.m.c.i.embedder.EclipseLogger - Using 'UTF-8' encoding to copy filtered resources.
2018-04-30 08:12:34,822 [Worker-15] INFO  o.e.m.c.i.embedder.EclipseLogger - skip non existing resourceDirectory D:\Spring Advanced Online\MicroservicesWorkspace\CheckInCustomers\src\test\resources
2018-04-30 08:12:35,591 [Worker-15] INFO  o.e.m.c.i.l.LifecycleMappingFactory - Using org.eclipse.m2e.jdt.JarLifecycleMapping lifecycle mapping for MavenProject: edu.aspire:FaresFlightTickets:1 @ D:\Spring Advanced Online\MicroservicesWorkspace\FaresFlightTickets\pom.xml.
2018-04-30 08:12:36,842 [Worker-15] INFO  o.e.m.c.i.embedder.EclipseLogger - Using 'UTF-8' encoding to copy filtered resources.
2018-04-30 08:12:36,843 [Worker-15] INFO  o.e.m.c.i.embedder.EclipseLogger - Copying 1 resource
2018-04-30 08:12:36,846 [Worker-15] INFO  o.e.m.c.i.embedder.EclipseLogger - Copying 0 resource
2018-04-30 08:12:36,850 [Worker-15] INFO  o.e.m.c.i.embedder.EclipseLogger - Using 'UTF-8' encoding to copy filtered resources.
2018-04-30 08:12:36,850 [Worker-15] INFO  o.e.m.c.i.embedder.EclipseLogger - skip non existing resourceDirectory D:\Spring Advanced Online\MicroservicesWorkspace\FaresFlightTickets\src\test\resources
2018-04-30 08:12:37,716 [Worker-15] INFO  o.e.m.c.i.l.LifecycleMappingFactory - Using org.eclipse.m2e.jdt.JarLifecycleMapping lifecycle mapping for MavenProject: edu.aspire:FlightsWebSite:1 @ D:\Spring Advanced Online\MicroservicesWorkspace\FlightsWebSite\pom.xml.
2018-04-30 08:12:39,122 [Worker-15] INFO  o.e.m.c.i.embedder.EclipseLogger - Using 'UTF-8' encoding to copy filtered resources.
2018-04-30 08:12:39,123 [Worker-15] INFO  o.e.m.c.i.embedder.EclipseLogger - Copying 1 resource
2018-04-30 08:12:39,125 [Worker-15] INFO  o.e.m.c.i.embedder.EclipseLogger - Copying 7 resources
2018-04-30 08:12:39,142 [Worker-15] INFO  o.e.m.c.i.embedder.EclipseLogger - Using 'UTF-8' encoding to copy filtered resources.
2018-04-30 08:12:39,142 [Worker-15] INFO  o.e.m.c.i.embedder.EclipseLogger - skip non existing resourceDirectory D:\Spring Advanced Online\MicroservicesWorkspace\FlightsWebSite\src\test\resources
2018-04-30 08:12:40,036 [Worker-15] INFO  o.e.m.c.i.l.LifecycleMappingFactory - Using org.eclipse.m2e.jdt.JarLifecycleMapping lifecycle mapping for MavenProject: edu.aspire:SearchFlightTickets:1 @ D:\Spring Advanced Online\MicroservicesWorkspace\SearchFlightTickets\pom.xml.
2018-04-30 08:12:41,560 [Worker-15] INFO  o.e.m.c.i.embedder.EclipseLogger - Using 'UTF-8' encoding to copy filtered resources.
2018-04-30 08:12:41,560 [Worker-15] INFO  o.e.m.c.i.embedder.EclipseLogger - Copying 1 resource
2018-04-30 08:12:41,562 [Worker-15] INFO  o.e.m.c.i.embedder.EclipseLogger - Copying 0 resource
2018-04-30 08:12:41,564 [Worker-15] INFO  o.e.m.c.i.embedder.EclipseLogger - Using 'UTF-8' encoding to copy filtered resources.
2018-04-30 08:12:41,564 [Worker-15] INFO  o.e.m.c.i.embedder.EclipseLogger - skip non existing resourceDirectory D:\Spring Advanced Online\MicroservicesWorkspace\SearchFlightTickets\src\test\resources
2018-04-30 08:12:45,518 [Worker-20] INFO  o.e.m.c.i.embedder.EclipseLogger - Using 'UTF-8' encoding to copy filtered resources.
2018-04-30 08:12:45,521 [Worker-20] INFO  o.e.m.c.i.embedder.EclipseLogger - Copying 1 resource
2018-04-30 08:12:45,524 [Worker-20] INFO  o.e.m.c.i.embedder.EclipseLogger - Copying 0 resource
2018-04-30 08:12:45,526 [Worker-20] INFO  o.e.m.c.i.embedder.EclipseLogger - Using 'UTF-8' encoding to copy filtered resources.
2018-04-30 08:12:45,526 [Worker-20] INFO  o.e.m.c.i.embedder.EclipseLogger - skip non existing resourceDirectory D:\Spring Advanced Online\MicroservicesWorkspace\BookingFlightTickets\src\test\resources
2018-04-30 08:12:46,941 [Worker-20] INFO  o.e.m.c.i.embedder.EclipseLogger - Using 'UTF-8' encoding to copy filtered resources.
2018-04-30 08:12:46,942 [Worker-20] INFO  o.e.m.c.i.embedder.EclipseLogger - Copying 1 resource
2018-04-30 08:12:46,945 [Worker-20] INFO  o.e.m.c.i.embedder.EclipseLogger - Copying 0 resource
2018-04-30 08:12:46,949 [Worker-20] INFO  o.e.m.c.i.embedder.EclipseLogger - Using 'UTF-8' encoding to copy filtered resources.
2018-04-30 08:12:46,949 [Worker-20] INFO  o.e.m.c.i.embedder.EclipseLogger - skip non existing resourceDirectory D:\Spring Advanced Online\MicroservicesWorkspace\CheckInCustomers\src\test\resources
2018-04-30 08:12:48,102 [Worker-20] INFO  o.e.m.c.i.embedder.EclipseLogger - Using 'UTF-8' encoding to copy filtered resources.
2018-04-30 08:12:48,103 [Worker-20] INFO  o.e.m.c.i.embedder.EclipseLogger - Copying 1 resource
2018-04-30 08:12:48,107 [Worker-20] INFO  o.e.m.c.i.embedder.EclipseLogger - Copying 0 resource
2018-04-30 08:12:48,109 [Worker-20] INFO  o.e.m.c.i.embedder.EclipseLogger - Using 'UTF-8' encoding to copy filtered resources.
2018-04-30 08:12:48,109 [Worker-20] INFO  o.e.m.c.i.embedder.EclipseLogger - skip non existing resourceDirectory D:\Spring Advanced Online\MicroservicesWorkspace\FaresFlightTickets\src\test\resources
2018-04-30 08:12:49,346 [Worker-20] INFO  o.e.m.c.i.embedder.EclipseLogger - Using 'UTF-8' encoding to copy filtered resources.
2018-04-30 08:12:49,348 [Worker-20] INFO  o.e.m.c.i.embedder.EclipseLogger - Copying 1 resource
2018-04-30 08:12:49,349 [Worker-20] INFO  o.e.m.c.i.embedder.EclipseLogger - Copying 7 resources
2018-04-30 08:12:49,371 [Worker-20] INFO  o.e.m.c.i.embedder.EclipseLogger - Using 'UTF-8' encoding to copy filtered resources.
2018-04-30 08:12:49,371 [Worker-20] INFO  o.e.m.c.i.embedder.EclipseLogger - skip non existing resourceDirectory D:\Spring Advanced Online\MicroservicesWorkspace\FlightsWebSite\src\test\resources
2018-04-30 08:12:50,753 [Worker-20] INFO  o.e.m.c.i.embedder.EclipseLogger - Using 'UTF-8' encoding to copy filtered resources.
2018-04-30 08:12:50,754 [Worker-20] INFO  o.e.m.c.i.embedder.EclipseLogger - Copying 1 resource
2018-04-30 08:12:50,756 [Worker-20] INFO  o.e.m.c.i.embedder.EclipseLogger - Copying 0 resource
2018-04-30 08:12:50,758 [Worker-20] INFO  o.e.m.c.i.embedder.EclipseLogger - Using 'UTF-8' encoding to copy filtered resources.
2018-04-30 08:12:50,759 [Worker-20] INFO  o.e.m.c.i.embedder.EclipseLogger - skip non existing resourceDirectory D:\Spring Advanced Online\MicroservicesWorkspace\SearchFlightTickets\src\test\resources
2018-04-30 08:15:25,137 [Worker-21] INFO  o.e.m.c.i.embedder.EclipseLogger - Using 'UTF-8' encoding to copy filtered resources.
2018-04-30 08:15:25,139 [Worker-21] INFO  o.e.m.c.i.embedder.EclipseLogger - Copying 1 resource
2018-04-30 08:15:25,141 [Worker-21] INFO  o.e.m.c.i.embedder.EclipseLogger - Copying 0 resource
2018-04-30 08:15:25,143 [Worker-21] INFO  o.e.m.c.i.embedder.EclipseLogger - Using 'UTF-8' encoding to copy filtered resources.
2018-04-30 08:15:25,143 [Worker-21] INFO  o.e.m.c.i.embedder.EclipseLogger - skip non existing resourceDirectory D:\Spring Advanced Online\MicroservicesWorkspace\FaresFlightTickets\src\test\resources
2018-04-30 08:38:26,011 [Worker-29] INFO  o.e.m.c.i.embedder.EclipseLogger - Using 'UTF-8' encoding to copy filtered resources.
2018-04-30 08:38:26,012 [Worker-29] INFO  o.e.m.c.i.embedder.EclipseLogger - Copying 1 resource
2018-04-30 08:38:26,019 [Worker-29] INFO  o.e.m.c.i.embedder.EclipseLogger - Copying 0 resource
2018-04-30 08:38:26,022 [Worker-29] INFO  o.e.m.c.i.embedder.EclipseLogger - Using 'UTF-8' encoding to copy filtered resources.
2018-04-30 08:38:26,022 [Worker-29] INFO  o.e.m.c.i.embedder.EclipseLogger - skip non existing resourceDirectory D:\Spring Advanced Online\MicroservicesWorkspace\SearchFlightTickets\src\test\resources
2018-04-30 08:38:29,658 [Worker-30] INFO  o.e.m.c.i.embedder.EclipseLogger - Using 'UTF-8' encoding to copy filtered resources.
2018-04-30 08:38:29,660 [Worker-30] INFO  o.e.m.c.i.embedder.EclipseLogger - Copying 1 resource
2018-04-30 08:38:29,662 [Worker-30] INFO  o.e.m.c.i.embedder.EclipseLogger - Copying 0 resource
2018-04-30 08:38:29,666 [Worker-30] INFO  o.e.m.c.i.embedder.EclipseLogger - Using 'UTF-8' encoding to copy filtered resources.
2018-04-30 08:38:29,667 [Worker-30] INFO  o.e.m.c.i.embedder.EclipseLogger - skip non existing resourceDirectory D:\Spring Advanced Online\MicroservicesWorkspace\SearchFlightTickets\src\test\resources
2018-04-30 08:38:31,828 [Worker-29] INFO  o.e.m.c.i.embedder.EclipseLogger - Using 'UTF-8' encoding to copy filtered resources.
2018-04-30 08:38:31,829 [Worker-29] INFO  o.e.m.c.i.embedder.EclipseLogger - Copying 1 resource
2018-04-30 08:38:31,831 [Worker-29] INFO  o.e.m.c.i.embedder.EclipseLogger - Copying 0 resource
2018-04-30 08:38:31,833 [Worker-29] INFO  o.e.m.c.i.embedder.EclipseLogger - Using 'UTF-8' encoding to copy filtered resources.
2018-04-30 08:38:31,833 [Worker-29] INFO  o.e.m.c.i.embedder.EclipseLogger - skip non existing resourceDirectory D:\Spring Advanced Online\MicroservicesWorkspace\SearchFlightTickets\src\test\resources
2018-04-30 08:45:58,868 [Worker-32] INFO  o.e.m.c.i.embedder.EclipseLogger - Using 'UTF-8' encoding to copy filtered resources.
2018-04-30 08:45:58,868 [Worker-32] INFO  o.e.m.c.i.embedder.EclipseLogger - Copying 1 resource
2018-04-30 08:45:58,870 [Worker-32] INFO  o.e.m.c.i.embedder.EclipseLogger - Copying 0 resource
2018-04-30 08:45:58,874 [Worker-32] INFO  o.e.m.c.i.embedder.EclipseLogger - Using 'UTF-8' encoding to copy filtered resources.
2018-04-30 08:45:58,874 [Worker-32] INFO  o.e.m.c.i.embedder.EclipseLogger - skip non existing resourceDirectory D:\Spring Advanced Online\MicroservicesWorkspace\SearchFlightTickets\src\test\resources
2018-04-30 08:57:21,162 [Worker-39] INFO  o.e.m.c.i.embedder.EclipseLogger - Using 'UTF-8' encoding to copy filtered resources.
2018-04-30 08:57:21,163 [Worker-39] INFO  o.e.m.c.i.embedder.EclipseLogger - Copying 1 resource
2018-04-30 08:57:21,166 [Worker-39] INFO  o.e.m.c.i.embedder.EclipseLogger - Copying 0 resource
2018-04-30 08:57:21,168 [Worker-39] INFO  o.e.m.c.i.embedder.EclipseLogger - Using 'UTF-8' encoding to copy filtered resources.
2018-04-30 08:57:21,168 [Worker-39] INFO  o.e.m.c.i.embedder.EclipseLogger - skip non existing resourceDirectory D:\Spring Advanced Online\MicroservicesWorkspace\BookingFlightTickets\src\test\resources
2018-04-30 08:58:58,045 [Worker-36] INFO  o.e.m.c.i.embedder.EclipseLogger - Using 'UTF-8' encoding to copy filtered resources.
2018-04-30 08:58:58,048 [Worker-36] INFO  o.e.m.c.i.embedder.EclipseLogger - Copying 1 resource
2018-04-30 08:58:58,050 [Worker-36] INFO  o.e.m.c.i.embedder.EclipseLogger - Copying 0 resource
2018-04-30 08:58:58,052 [Worker-36] INFO  o.e.m.c.i.embedder.EclipseLogger - Using 'UTF-8' encoding to copy filtered resources.
2018-04-30 08:58:58,052 [Worker-36] INFO  o.e.m.c.i.embedder.EclipseLogger - skip non existing resourceDirectory D:\Spring Advanced Online\MicroservicesWorkspace\BookingFlightTickets\src\test\resources
2018-04-30 09:01:07,980 [Worker-39] INFO  o.e.m.c.i.embedder.EclipseLogger - Using 'UTF-8' encoding to copy filtered resources.
2018-04-30 09:01:07,981 [Worker-39] INFO  o.e.m.c.i.embedder.EclipseLogger - Copying 1 resource
2018-04-30 09:01:07,983 [Worker-39] INFO  o.e.m.c.i.embedder.EclipseLogger - Copying 0 resource
2018-04-30 09:01:07,986 [Worker-39] INFO  o.e.m.c.i.embedder.EclipseLogger - Using 'UTF-8' encoding to copy filtered resources.
2018-04-30 09:01:07,987 [Worker-39] INFO  o.e.m.c.i.embedder.EclipseLogger - skip non existing resourceDirectory D:\Spring Advanced Online\MicroservicesWorkspace\BookingFlightTickets\src\test\resources
2018-04-30 09:02:44,699 [Worker-36] INFO  o.e.m.c.i.embedder.EclipseLogger - Using 'UTF-8' encoding to copy filtered resources.
2018-04-30 09:02:44,700 [Worker-36] INFO  o.e.m.c.i.embedder.EclipseLogger - Copying 1 resource
2018-04-30 09:02:44,704 [Worker-36] INFO  o.e.m.c.i.embedder.EclipseLogger - Copying 0 resource
2018-04-30 09:02:44,707 [Worker-36] INFO  o.e.m.c.i.embedder.EclipseLogger - Using 'UTF-8' encoding to copy filtered resources.
2018-04-30 09:02:44,708 [Worker-36] INFO  o.e.m.c.i.embedder.EclipseLogger - skip non existing resourceDirectory D:\Spring Advanced Online\MicroservicesWorkspace\BookingFlightTickets\src\test\resources
2018-05-01 08:08:02,377 [Worker-7] INFO  o.e.m.c.i.embedder.EclipseLogger - Using 'UTF-8' encoding to copy filtered resources.
2018-05-01 08:08:02,502 [Worker-7] INFO  o.e.m.c.i.embedder.EclipseLogger - Copying 1 resource
2018-05-01 08:08:02,655 [Worker-7] INFO  o.e.m.c.i.embedder.EclipseLogger - Copying 0 resource
2018-05-01 08:08:02,658 [Worker-7] INFO  o.e.m.c.i.embedder.EclipseLogger - Using 'UTF-8' encoding to copy filtered resources.
2018-05-01 08:08:02,658 [Worker-7] INFO  o.e.m.c.i.embedder.EclipseLogger - skip non existing resourceDirectory D:\Spring Advanced Online\MicroservicesWorkspace\BookingFlightTickets\src\test\resources
2018-05-01 08:10:33,343 [Worker-10] INFO  o.e.m.c.i.embedder.EclipseLogger - Using 'UTF-8' encoding to copy filtered resources.
2018-05-01 08:10:33,348 [Worker-10] INFO  o.e.m.c.i.embedder.EclipseLogger - Copying 1 resource
2018-05-01 08:10:33,356 [Worker-10] INFO  o.e.m.c.i.embedder.EclipseLogger - Copying 0 resource
2018-05-01 08:10:33,360 [Worker-10] INFO  o.e.m.c.i.embedder.EclipseLogger - Using 'UTF-8' encoding to copy filtered resources.
2018-05-01 08:10:33,361 [Worker-10] INFO  o.e.m.c.i.embedder.EclipseLogger - skip non existing resourceDirectory D:\Spring Advanced Online\MicroservicesWorkspace\BookingFlightTickets\src\test\resources
2018-05-01 08:11:07,886 [Worker-10] INFO  o.e.m.c.i.embedder.EclipseLogger - Using 'UTF-8' encoding to copy filtered resources.
2018-05-01 08:11:07,888 [Worker-10] INFO  o.e.m.c.i.embedder.EclipseLogger - Copying 1 resource
2018-05-01 08:11:07,891 [Worker-10] INFO  o.e.m.c.i.embedder.EclipseLogger - Copying 0 resource
2018-05-01 08:11:07,895 [Worker-10] INFO  o.e.m.c.i.embedder.EclipseLogger - Using 'UTF-8' encoding to copy filtered resources.
2018-05-01 08:11:07,896 [Worker-10] INFO  o.e.m.c.i.embedder.EclipseLogger - skip non existing resourceDirectory D:\Spring Advanced Online\MicroservicesWorkspace\BookingFlightTickets\src\test\resources
2018-05-01 08:18:22,015 [Worker-23] INFO  o.e.m.c.i.embedder.EclipseLogger - Using 'UTF-8' encoding to copy filtered resources.
2018-05-01 08:18:22,017 [Worker-23] INFO  o.e.m.c.i.embedder.EclipseLogger - Copying 1 resource
2018-05-01 08:18:22,020 [Worker-23] INFO  o.e.m.c.i.embedder.EclipseLogger - Copying 0 resource
2018-05-01 08:18:22,023 [Worker-23] INFO  o.e.m.c.i.embedder.EclipseLogger - Using 'UTF-8' encoding to copy filtered resources.
2018-05-01 08:18:22,023 [Worker-23] INFO  o.e.m.c.i.embedder.EclipseLogger - skip non existing resourceDirectory D:\Spring Advanced Online\MicroservicesWorkspace\BookingFlightTickets\src\test\resources
2018-05-01 08:18:48,206 [Worker-24] INFO  o.e.m.c.i.embedder.EclipseLogger - Using 'UTF-8' encoding to copy filtered resources.
2018-05-01 08:18:48,208 [Worker-24] INFO  o.e.m.c.i.embedder.EclipseLogger - Copying 1 resource
2018-05-01 08:18:48,211 [Worker-24] INFO  o.e.m.c.i.embedder.EclipseLogger - Copying 0 resource
2018-05-01 08:18:48,215 [Worker-24] INFO  o.e.m.c.i.embedder.EclipseLogger - Using 'UTF-8' encoding to copy filtered resources.
2018-05-01 08:18:48,216 [Worker-24] INFO  o.e.m.c.i.embedder.EclipseLogger - skip non existing resourceDirectory D:\Spring Advanced Online\MicroservicesWorkspace\BookingFlightTickets\src\test\resources
2018-05-01 08:18:51,407 [Worker-21] INFO  o.e.m.c.i.embedder.EclipseLogger - Using 'UTF-8' encoding to copy filtered resources.
2018-05-01 08:18:51,408 [Worker-21] INFO  o.e.m.c.i.embedder.EclipseLogger - Copying 1 resource
2018-05-01 08:18:51,411 [Worker-21] INFO  o.e.m.c.i.embedder.EclipseLogger - Copying 0 resource
2018-05-01 08:18:51,414 [Worker-21] INFO  o.e.m.c.i.embedder.EclipseLogger - Using 'UTF-8' encoding to copy filtered resources.
2018-05-01 08:18:51,415 [Worker-21] INFO  o.e.m.c.i.embedder.EclipseLogger - skip non existing resourceDirectory D:\Spring Advanced Online\MicroservicesWorkspace\BookingFlightTickets\src\test\resources
2018-05-01 08:19:55,096 [Worker-22] INFO  o.e.m.c.i.embedder.EclipseLogger - Using 'UTF-8' encoding to copy filtered resources.
2018-05-01 08:19:55,097 [Worker-22] INFO  o.e.m.c.i.embedder.EclipseLogger - Copying 1 resource
2018-05-01 08:19:55,102 [Worker-22] INFO  o.e.m.c.i.embedder.EclipseLogger - Copying 0 resource
2018-05-01 08:19:55,105 [Worker-22] INFO  o.e.m.c.i.embedder.EclipseLogger - Using 'UTF-8' encoding to copy filtered resources.
2018-05-01 08:19:55,105 [Worker-22] INFO  o.e.m.c.i.embedder.EclipseLogger - skip non existing resourceDirectory D:\Spring Advanced Online\MicroservicesWorkspace\BookingFlightTickets\src\test\resources
2018-05-01 08:21:34,311 [Worker-26] INFO  o.e.m.c.i.embedder.EclipseLogger - Using 'UTF-8' encoding to copy filtered resources.
2018-05-01 08:21:34,313 [Worker-26] INFO  o.e.m.c.i.embedder.EclipseLogger - Copying 1 resource
2018-05-01 08:21:34,315 [Worker-26] INFO  o.e.m.c.i.embedder.EclipseLogger - Copying 0 resource
2018-05-01 08:21:34,325 [Worker-26] INFO  o.e.m.c.i.embedder.EclipseLogger - Using 'UTF-8' encoding to copy filtered resources.
2018-05-01 08:21:34,326 [Worker-26] INFO  o.e.m.c.i.embedder.EclipseLogger - skip non existing resourceDirectory D:\Spring Advanced Online\MicroservicesWorkspace\BookingFlightTickets\src\test\resources
2018-05-01 08:21:37,403 [Worker-21] INFO  o.e.m.c.i.embedder.EclipseLogger - Using 'UTF-8' encoding to copy filtered resources.
2018-05-01 08:21:37,404 [Worker-21] INFO  o.e.m.c.i.embedder.EclipseLogger - Copying 1 resource
2018-05-01 08:21:37,406 [Worker-21] INFO  o.e.m.c.i.embedder.EclipseLogger - Copying 0 resource
2018-05-01 08:21:37,408 [Worker-21] INFO  o.e.m.c.i.embedder.EclipseLogger - Using 'UTF-8' encoding to copy filtered resources.
2018-05-01 08:21:37,408 [Worker-21] INFO  o.e.m.c.i.embedder.EclipseLogger - skip non existing resourceDirectory D:\Spring Advanced Online\MicroservicesWorkspace\BookingFlightTickets\src\test\resources
2018-05-01 08:22:42,336 [Worker-24] INFO  o.e.m.c.i.embedder.EclipseLogger - Using 'UTF-8' encoding to copy filtered resources.
2018-05-01 08:22:42,338 [Worker-24] INFO  o.e.m.c.i.embedder.EclipseLogger - Copying 1 resource
2018-05-01 08:22:42,341 [Worker-24] INFO  o.e.m.c.i.embedder.EclipseLogger - Copying 0 resource
2018-05-01 08:22:42,344 [Worker-24] INFO  o.e.m.c.i.embedder.EclipseLogger - Using 'UTF-8' encoding to copy filtered resources.
2018-05-01 08:22:42,345 [Worker-24] INFO  o.e.m.c.i.embedder.EclipseLogger - skip non existing resourceDirectory D:\Spring Advanced Online\MicroservicesWorkspace\BookingFlightTickets\src\test\resources
2018-05-01 08:23:16,015 [Worker-24] INFO  o.e.m.c.i.embedder.EclipseLogger - Using 'UTF-8' encoding to copy filtered resources.
2018-05-01 08:23:16,016 [Worker-24] INFO  o.e.m.c.i.embedder.EclipseLogger - Copying 1 resource
2018-05-01 08:23:16,017 [Worker-24] INFO  o.e.m.c.i.embedder.EclipseLogger - Copying 0 resource
2018-05-01 08:23:16,019 [Worker-24] INFO  o.e.m.c.i.embedder.EclipseLogger - Using 'UTF-8' encoding to copy filtered resources.
2018-05-01 08:23:16,020 [Worker-24] INFO  o.e.m.c.i.embedder.EclipseLogger - skip non existing resourceDirectory D:\Spring Advanced Online\MicroservicesWorkspace\BookingFlightTickets\src\test\resources
2018-05-01 08:31:25,200 [Worker-21] INFO  o.e.m.c.i.embedder.EclipseLogger - Using 'UTF-8' encoding to copy filtered resources.
2018-05-01 08:31:25,201 [Worker-21] INFO  o.e.m.c.i.embedder.EclipseLogger - Copying 1 resource
2018-05-01 08:31:25,238 [Worker-21] INFO  o.e.m.c.i.embedder.EclipseLogger - Copying 0 resource
2018-05-01 08:31:25,240 [Worker-21] INFO  o.e.m.c.i.embedder.EclipseLogger - Using 'UTF-8' encoding to copy filtered resources.
2018-05-01 08:31:25,240 [Worker-21] INFO  o.e.m.c.i.embedder.EclipseLogger - skip non existing resourceDirectory D:\Spring Advanced Online\MicroservicesWorkspace\CheckInCustomers\src\test\resources
2018-05-01 08:31:27,426 [Worker-23] INFO  o.e.m.c.i.embedder.EclipseLogger - Using 'UTF-8' encoding to copy filtered resources.
2018-05-01 08:31:27,428 [Worker-23] INFO  o.e.m.c.i.embedder.EclipseLogger - Copying 1 resource
2018-05-01 08:31:27,430 [Worker-23] INFO  o.e.m.c.i.embedder.EclipseLogger - Copying 0 resource
2018-05-01 08:31:27,433 [Worker-23] INFO  o.e.m.c.i.embedder.EclipseLogger - Using 'UTF-8' encoding to copy filtered resources.
2018-05-01 08:31:27,434 [Worker-23] INFO  o.e.m.c.i.embedder.EclipseLogger - skip non existing resourceDirectory D:\Spring Advanced Online\MicroservicesWorkspace\CheckInCustomers\src\test\resources
2018-05-01 08:32:06,600 [Worker-24] INFO  o.e.m.c.i.embedder.EclipseLogger - Using 'UTF-8' encoding to copy filtered resources.
2018-05-01 08:32:06,601 [Worker-24] INFO  o.e.m.c.i.embedder.EclipseLogger - Copying 1 resource
2018-05-01 08:32:06,604 [Worker-24] INFO  o.e.m.c.i.embedder.EclipseLogger - Copying 0 resource
2018-05-01 08:32:06,609 [Worker-24] INFO  o.e.m.c.i.embedder.EclipseLogger - Using 'UTF-8' encoding to copy filtered resources.
2018-05-01 08:32:06,609 [Worker-24] INFO  o.e.m.c.i.embedder.EclipseLogger - skip non existing resourceDirectory D:\Spring Advanced Online\MicroservicesWorkspace\CheckInCustomers\src\test\resources
2018-05-01 08:32:25,056 [Worker-24] INFO  o.e.m.c.i.embedder.EclipseLogger - Using 'UTF-8' encoding to copy filtered resources.
2018-05-01 08:32:25,057 [Worker-24] INFO  o.e.m.c.i.embedder.EclipseLogger - Copying 1 resource
2018-05-01 08:32:25,059 [Worker-24] INFO  o.e.m.c.i.embedder.EclipseLogger - Copying 0 resource
2018-05-01 08:32:25,063 [Worker-24] INFO  o.e.m.c.i.embedder.EclipseLogger - Using 'UTF-8' encoding to copy filtered resources.
2018-05-01 08:32:25,063 [Worker-24] INFO  o.e.m.c.i.embedder.EclipseLogger - skip non existing resourceDirectory D:\Spring Advanced Online\MicroservicesWorkspace\CheckInCustomers\src\test\resources
2018-05-01 08:38:24,457 [Worker-28] INFO  o.e.m.c.i.embedder.EclipseLogger - Using 'UTF-8' encoding to copy filtered resources.
2018-05-01 08:38:24,458 [Worker-28] INFO  o.e.m.c.i.embedder.EclipseLogger - Copying 1 resource
2018-05-01 08:38:24,460 [Worker-28] INFO  o.e.m.c.i.embedder.EclipseLogger - Copying 0 resource
2018-05-01 08:38:24,463 [Worker-28] INFO  o.e.m.c.i.embedder.EclipseLogger - Using 'UTF-8' encoding to copy filtered resources.
2018-05-01 08:38:24,463 [Worker-28] INFO  o.e.m.c.i.embedder.EclipseLogger - skip non existing resourceDirectory D:\Spring Advanced Online\MicroservicesWorkspace\CheckInCustomers\src\test\resources
2018-05-01 08:39:38,342 [Worker-28] INFO  o.e.m.c.i.embedder.EclipseLogger - Using 'UTF-8' encoding to copy filtered resources.
2018-05-01 08:39:38,344 [Worker-28] INFO  o.e.m.c.i.embedder.EclipseLogger - Copying 1 resource
2018-05-01 08:39:38,346 [Worker-28] INFO  o.e.m.c.i.embedder.EclipseLogger - Copying 0 resource
2018-05-01 08:39:38,348 [Worker-28] INFO  o.e.m.c.i.embedder.EclipseLogger - Using 'UTF-8' encoding to copy filtered resources.
2018-05-01 08:39:38,348 [Worker-28] INFO  o.e.m.c.i.embedder.EclipseLogger - skip non existing resourceDirectory D:\Spring Advanced Online\MicroservicesWorkspace\CheckInCustomers\src\test\resources
2018-05-01 08:42:03,585 [Worker-23] INFO  o.e.m.c.i.embedder.EclipseLogger - Using 'UTF-8' encoding to copy filtered resources.
2018-05-01 08:42:03,585 [Worker-23] INFO  o.e.m.c.i.embedder.EclipseLogger - Copying 1 resource
2018-05-01 08:42:03,586 [Worker-23] INFO  o.e.m.c.i.embedder.EclipseLogger - Copying 0 resource
2018-05-01 08:42:03,588 [Worker-23] INFO  o.e.m.c.i.embedder.EclipseLogger - Using 'UTF-8' encoding to copy filtered resources.
2018-05-01 08:42:03,589 [Worker-23] INFO  o.e.m.c.i.embedder.EclipseLogger - skip non existing resourceDirectory D:\Spring Advanced Online\MicroservicesWorkspace\CheckInCustomers\src\test\resources
2018-05-01 08:43:06,535 [Worker-30] INFO  o.e.m.c.i.embedder.EclipseLogger - Using 'UTF-8' encoding to copy filtered resources.
2018-05-01 08:43:06,536 [Worker-30] INFO  o.e.m.c.i.embedder.EclipseLogger - Copying 1 resource
2018-05-01 08:43:06,537 [Worker-30] INFO  o.e.m.c.i.embedder.EclipseLogger - Copying 0 resource
2018-05-01 08:43:06,540 [Worker-30] INFO  o.e.m.c.i.embedder.EclipseLogger - Using 'UTF-8' encoding to copy filtered resources.
2018-05-01 08:43:06,541 [Worker-30] INFO  o.e.m.c.i.embedder.EclipseLogger - skip non existing resourceDirectory D:\Spring Advanced Online\MicroservicesWorkspace\CheckInCustomers\src\test\resources
2018-05-01 08:45:05,571 [Worker-31] INFO  o.e.m.c.i.embedder.EclipseLogger - Using 'UTF-8' encoding to copy filtered resources.
2018-05-01 08:45:05,572 [Worker-31] INFO  o.e.m.c.i.embedder.EclipseLogger - Copying 1 resource
2018-05-01 08:45:05,576 [Worker-31] INFO  o.e.m.c.i.embedder.EclipseLogger - Copying 7 resources
2018-05-01 08:45:05,603 [Worker-31] INFO  o.e.m.c.i.embedder.EclipseLogger - Using 'UTF-8' encoding to copy filtered resources.
2018-05-01 08:45:05,603 [Worker-31] INFO  o.e.m.c.i.embedder.EclipseLogger - skip non existing resourceDirectory D:\Spring Advanced Online\MicroservicesWorkspace\FlightsWebSite\src\test\resources
2018-05-01 08:46:20,681 [Worker-31] INFO  o.e.m.c.i.embedder.EclipseLogger - Using 'UTF-8' encoding to copy filtered resources.
2018-05-01 08:46:20,693 [Worker-31] INFO  o.e.m.c.i.embedder.EclipseLogger - Copying 1 resource
2018-05-01 08:46:20,696 [Worker-31] INFO  o.e.m.c.i.embedder.EclipseLogger - Copying 7 resources
2018-05-01 08:46:20,698 [Worker-31] INFO  o.e.m.c.i.embedder.EclipseLogger - Using 'UTF-8' encoding to copy filtered resources.
2018-05-01 08:46:20,698 [Worker-31] INFO  o.e.m.c.i.embedder.EclipseLogger - skip non existing resourceDirectory D:\Spring Advanced Online\MicroservicesWorkspace\FlightsWebSite\src\test\resources
2018-05-01 08:46:28,451 [Worker-29] INFO  o.e.m.c.i.embedder.EclipseLogger - Using 'UTF-8' encoding to copy filtered resources.
2018-05-01 08:46:28,453 [Worker-29] INFO  o.e.m.c.i.embedder.EclipseLogger - Copying 1 resource
2018-05-01 08:46:28,455 [Worker-29] INFO  o.e.m.c.i.embedder.EclipseLogger - Copying 7 resources
2018-05-01 08:46:28,459 [Worker-29] INFO  o.e.m.c.i.embedder.EclipseLogger - Using 'UTF-8' encoding to copy filtered resources.
2018-05-01 08:46:28,459 [Worker-29] INFO  o.e.m.c.i.embedder.EclipseLogger - skip non existing resourceDirectory D:\Spring Advanced Online\MicroservicesWorkspace\FlightsWebSite\src\test\resources
2018-05-01 08:46:32,594 [Worker-29] INFO  o.e.m.c.i.embedder.EclipseLogger - Using 'UTF-8' encoding to copy filtered resources.
2018-05-01 08:46:32,596 [Worker-29] INFO  o.e.m.c.i.embedder.EclipseLogger - Copying 1 resource
2018-05-01 08:46:32,599 [Worker-29] INFO  o.e.m.c.i.embedder.EclipseLogger - Copying 7 resources
2018-05-01 08:46:32,604 [Worker-29] INFO  o.e.m.c.i.embedder.EclipseLogger - Using 'UTF-8' encoding to copy filtered resources.
2018-05-01 08:46:32,604 [Worker-29] INFO  o.e.m.c.i.embedder.EclipseLogger - skip non existing resourceDirectory D:\Spring Advanced Online\MicroservicesWorkspace\FlightsWebSite\src\test\resources
2018-05-01 08:46:40,670 [Worker-23] INFO  o.e.m.c.i.embedder.EclipseLogger - Using 'UTF-8' encoding to copy filtered resources.
2018-05-01 08:46:40,672 [Worker-23] INFO  o.e.m.c.i.embedder.EclipseLogger - Copying 1 resource
2018-05-01 08:46:40,674 [Worker-23] INFO  o.e.m.c.i.embedder.EclipseLogger - Copying 7 resources
2018-05-01 08:46:40,678 [Worker-23] INFO  o.e.m.c.i.embedder.EclipseLogger - Using 'UTF-8' encoding to copy filtered resources.
2018-05-01 08:46:40,679 [Worker-23] INFO  o.e.m.c.i.embedder.EclipseLogger - skip non existing resourceDirectory D:\Spring Advanced Online\MicroservicesWorkspace\FlightsWebSite\src\test\resources
2018-05-01 08:46:57,204 [Worker-29] INFO  o.e.m.c.i.embedder.EclipseLogger - Using 'UTF-8' encoding to copy filtered resources.
2018-05-01 08:46:57,206 [Worker-29] INFO  o.e.m.c.i.embedder.EclipseLogger - Copying 1 resource
2018-05-01 08:46:57,211 [Worker-29] INFO  o.e.m.c.i.embedder.EclipseLogger - Copying 7 resources
2018-05-01 08:46:57,215 [Worker-29] INFO  o.e.m.c.i.embedder.EclipseLogger - Using 'UTF-8' encoding to copy filtered resources.
2018-05-01 08:46:57,215 [Worker-29] INFO  o.e.m.c.i.embedder.EclipseLogger - skip non existing resourceDirectory D:\Spring Advanced Online\MicroservicesWorkspace\FlightsWebSite\src\test\resources
2018-05-01 08:48:41,122 [Worker-21] INFO  o.e.m.c.i.l.LifecycleMappingFactory - Using org.eclipse.m2e.jdt.JarLifecycleMapping lifecycle mapping for MavenProject: edu.aspire:FlightsWebSite:1 @ D:\Spring Advanced Online\MicroservicesWorkspace\FlightsWebSite\pom.xml.
2018-05-01 08:48:42,698 [Worker-21] INFO  o.e.m.c.i.embedder.EclipseLogger - Using 'UTF-8' encoding to copy filtered resources.
2018-05-01 08:48:42,698 [Worker-21] INFO  o.e.m.c.i.embedder.EclipseLogger - Copying 0 resource
2018-05-01 08:48:42,700 [Worker-21] INFO  o.e.m.c.i.embedder.EclipseLogger - Copying 0 resource
2018-05-01 08:48:42,704 [Worker-21] INFO  o.e.m.c.i.embedder.EclipseLogger - Using 'UTF-8' encoding to copy filtered resources.
2018-05-01 08:48:42,704 [Worker-21] INFO  o.e.m.c.i.embedder.EclipseLogger - skip non existing resourceDirectory D:\Spring Advanced Online\MicroservicesWorkspace\FlightsWebSite\src\test\resources
2018-05-01 08:53:25,859 [Worker-36] INFO  o.e.m.c.i.embedder.EclipseLogger - Using 'UTF-8' encoding to copy filtered resources.
2018-05-01 08:53:25,862 [Worker-36] INFO  o.e.m.c.i.embedder.EclipseLogger - Copying 1 resource
2018-05-01 08:53:25,864 [Worker-36] INFO  o.e.m.c.i.embedder.EclipseLogger - Copying 7 resources
2018-05-01 08:53:25,868 [Worker-36] INFO  o.e.m.c.i.embedder.EclipseLogger - Using 'UTF-8' encoding to copy filtered resources.
2018-05-01 08:53:25,868 [Worker-36] INFO  o.e.m.c.i.embedder.EclipseLogger - skip non existing resourceDirectory D:\Spring Advanced Online\MicroservicesWorkspace\FlightsWebSite\src\test\resources
2018-05-01 08:59:22,178 [Worker-37] INFO  o.e.m.c.i.embedder.EclipseLogger - Using 'UTF-8' encoding to copy filtered resources.
2018-05-01 08:59:22,179 [Worker-37] INFO  o.e.m.c.i.embedder.EclipseLogger - Copying 1 resource
2018-05-01 08:59:22,180 [Worker-37] INFO  o.e.m.c.i.embedder.EclipseLogger - Copying 0 resource
2018-05-01 08:59:22,182 [Worker-37] INFO  o.e.m.c.i.embedder.EclipseLogger - Using 'UTF-8' encoding to copy filtered resources.
2018-05-01 08:59:22,182 [Worker-37] INFO  o.e.m.c.i.embedder.EclipseLogger - skip non existing resourceDirectory D:\Spring Advanced Online\MicroservicesWorkspace\CheckInCustomers\src\test\resources
2018-05-07 09:41:47,769 [Worker-21] INFO  o.e.m.c.i.p.ProjectConfigurationManager - Update started
2018-05-07 09:41:50,969 [Worker-21] INFO  o.e.m.c.i.l.LifecycleMappingFactory - Using org.eclipse.m2e.jdt.JarLifecycleMapping lifecycle mapping for MavenProject: edu.aspire:PSSBook:1 @ D:\SPRING MICROSERVICES\MicroservicesWorkspace\BookingFlightTickets\pom.xml.
2018-05-07 09:41:52,051 [Worker-21] INFO  o.e.m.c.i.l.LifecycleMappingFactory - Using org.eclipse.m2e.jdt.JarLifecycleMapping lifecycle mapping for MavenProject: edu.aspire:CheckInCustomers:1 @ D:\SPRING MICROSERVICES\MicroservicesWorkspace\CheckInCustomers\pom.xml.
2018-05-07 09:41:52,539 [Worker-21] INFO  o.e.m.c.i.l.LifecycleMappingFactory - Using org.eclipse.m2e.jdt.JarLifecycleMapping lifecycle mapping for MavenProject: edu.aspire:FaresFlightTickets:1 @ D:\SPRING MICROSERVICES\MicroservicesWorkspace\FaresFlightTickets\pom.xml.
2018-05-07 09:41:52,941 [Worker-21] INFO  o.e.m.c.i.l.LifecycleMappingFactory - Using org.eclipse.m2e.jdt.JarLifecycleMapping lifecycle mapping for MavenProject: edu.aspire:FlightsWebSite:1 @ D:\SPRING MICROSERVICES\MicroservicesWorkspace\FlightsWebSite\pom.xml.
2018-05-07 09:41:53,343 [Worker-21] INFO  o.e.m.c.i.l.LifecycleMappingFactory - Using org.eclipse.m2e.jdt.JarLifecycleMapping lifecycle mapping for MavenProject: edu.aspire:SearchFlightTickets:1 @ D:\SPRING MICROSERVICES\MicroservicesWorkspace\SearchFlightTickets\pom.xml.
2018-05-07 09:41:53,759 [Worker-21] INFO  o.e.m.c.i.l.LifecycleMappingFactory - Using org.eclipse.m2e.jdt.JarLifecycleMapping lifecycle mapping for MavenProject: com.javainuse:spring-boot-admin:0.0.1-SNAPSHOT @ D:\SPRING MICROSERVICES\MicroservicesWorkspace\spring-boot-admin\pom.xml.
2018-05-07 09:41:56,104 [Worker-21] INFO  o.e.m.j.i.AbstractJavaProjectConfigurator - Adding source folder /BookingFlightTickets/src/main/java
2018-05-07 09:41:56,105 [Worker-21] INFO  o.e.m.j.i.AbstractJavaProjectConfigurator - Adding resource folder /BookingFlightTickets/src/main/resources
2018-05-07 09:41:56,105 [Worker-21] INFO  o.e.m.j.i.AbstractJavaProjectConfigurator - Adding resource folder /BookingFlightTickets/src/main/resources
2018-05-07 09:41:56,106 [Worker-21] INFO  o.e.m.j.i.AbstractJavaProjectConfigurator - Adding source folder /BookingFlightTickets/src/test/java
2018-05-07 09:41:56,424 [Worker-21] INFO  o.e.m.j.i.AbstractJavaProjectConfigurator - Adding source folder /CheckInCustomers/src/main/java
2018-05-07 09:41:56,425 [Worker-21] INFO  o.e.m.j.i.AbstractJavaProjectConfigurator - Adding resource folder /CheckInCustomers/src/main/resources
2018-05-07 09:41:56,425 [Worker-21] INFO  o.e.m.j.i.AbstractJavaProjectConfigurator - Adding resource folder /CheckInCustomers/src/main/resources
2018-05-07 09:41:56,426 [Worker-21] INFO  o.e.m.j.i.AbstractJavaProjectConfigurator - Adding source folder /CheckInCustomers/src/test/java
2018-05-07 09:41:56,577 [Worker-21] INFO  o.e.m.j.i.AbstractJavaProjectConfigurator - Adding source folder /FaresFlightTickets/src/main/java
2018-05-07 09:41:56,577 [Worker-21] INFO  o.e.m.j.i.AbstractJavaProjectConfigurator - Adding resource folder /FaresFlightTickets/src/main/resources
2018-05-07 09:41:56,578 [Worker-21] INFO  o.e.m.j.i.AbstractJavaProjectConfigurator - Adding resource folder /FaresFlightTickets/src/main/resources
2018-05-07 09:41:56,578 [Worker-21] INFO  o.e.m.j.i.AbstractJavaProjectConfigurator - Adding source folder /FaresFlightTickets/src/test/java
2018-05-07 09:41:56,688 [Worker-21] INFO  o.e.m.j.i.AbstractJavaProjectConfigurator - Adding source folder /FlightsWebSite/src/main/java
2018-05-07 09:41:56,688 [Worker-21] INFO  o.e.m.j.i.AbstractJavaProjectConfigurator - Adding resource folder /FlightsWebSite/src/main/resources
2018-05-07 09:41:56,688 [Worker-21] INFO  o.e.m.j.i.AbstractJavaProjectConfigurator - Adding resource folder /FlightsWebSite/src/main/resources
2018-05-07 09:41:56,689 [Worker-21] INFO  o.e.m.j.i.AbstractJavaProjectConfigurator - Adding source folder /FlightsWebSite/src/test/java
2018-05-07 09:41:56,827 [Worker-21] INFO  o.e.m.j.i.AbstractJavaProjectConfigurator - Adding source folder /SearchFlightTickets/src/main/java
2018-05-07 09:41:56,827 [Worker-21] INFO  o.e.m.j.i.AbstractJavaProjectConfigurator - Adding resource folder /SearchFlightTickets/src/main/resources
2018-05-07 09:41:56,827 [Worker-21] INFO  o.e.m.j.i.AbstractJavaProjectConfigurator - Adding resource folder /SearchFlightTickets/src/main/resources
2018-05-07 09:41:56,828 [Worker-21] INFO  o.e.m.j.i.AbstractJavaProjectConfigurator - Adding source folder /SearchFlightTickets/src/test/java
2018-05-07 09:41:57,162 [Worker-21] INFO  o.e.m.j.i.AbstractJavaProjectConfigurator - Adding source folder /spring-boot-admin/src/main/java
2018-05-07 09:41:57,162 [Worker-21] INFO  o.e.m.j.i.AbstractJavaProjectConfigurator - Adding resource folder /spring-boot-admin/src/main/resources
2018-05-07 09:41:57,163 [Worker-21] INFO  o.e.m.j.i.AbstractJavaProjectConfigurator - Adding resource folder /spring-boot-admin/src/main/resources
2018-05-07 09:41:57,163 [Worker-21] INFO  o.e.m.j.i.AbstractJavaProjectConfigurator - Adding source folder /spring-boot-admin/src/test/java
2018-05-07 09:41:57,782 [Worker-21] INFO  o.e.m.c.i.p.ProjectConfigurationManager - Update completed: 10 sec
2018-05-07 09:42:00,298 [Worker-22] INFO  o.e.m.c.i.embedder.EclipseLogger - Using 'UTF-8' encoding to copy filtered resources.
2018-05-07 09:42:00,303 [Worker-22] INFO  o.e.m.c.i.embedder.EclipseLogger - Copying 1 resource
2018-05-07 09:42:00,337 [Worker-22] INFO  o.e.m.c.i.embedder.EclipseLogger - Copying 0 resource
2018-05-07 09:42:00,340 [Worker-22] INFO  o.e.m.c.i.embedder.EclipseLogger - Using 'UTF-8' encoding to copy filtered resources.
2018-05-07 09:42:00,340 [Worker-22] INFO  o.e.m.c.i.embedder.EclipseLogger - skip non existing resourceDirectory D:\SPRING MICROSERVICES\MicroservicesWorkspace\BookingFlightTickets\src\test\resources
2018-05-07 09:42:02,758 [Worker-22] INFO  o.e.m.c.i.embedder.EclipseLogger - Using 'UTF-8' encoding to copy filtered resources.
2018-05-07 09:42:02,758 [Worker-22] INFO  o.e.m.c.i.embedder.EclipseLogger - Copying 1 resource
2018-05-07 09:42:02,790 [Worker-22] INFO  o.e.m.c.i.embedder.EclipseLogger - Copying 0 resource
2018-05-07 09:42:02,793 [Worker-22] INFO  o.e.m.c.i.embedder.EclipseLogger - Using 'UTF-8' encoding to copy filtered resources.
2018-05-07 09:42:02,793 [Worker-22] INFO  o.e.m.c.i.embedder.EclipseLogger - skip non existing resourceDirectory D:\SPRING MICROSERVICES\MicroservicesWorkspace\CheckInCustomers\src\test\resources
2018-05-07 09:42:04,007 [Worker-22] INFO  o.e.m.c.i.embedder.EclipseLogger - Using 'UTF-8' encoding to copy filtered resources.
2018-05-07 09:42:04,008 [Worker-22] INFO  o.e.m.c.i.embedder.EclipseLogger - Copying 1 resource
2018-05-07 09:42:04,069 [Worker-22] INFO  o.e.m.c.i.embedder.EclipseLogger - Copying 0 resource
2018-05-07 09:42:04,071 [Worker-22] INFO  o.e.m.c.i.embedder.EclipseLogger - Using 'UTF-8' encoding to copy filtered resources.
2018-05-07 09:42:04,072 [Worker-22] INFO  o.e.m.c.i.embedder.EclipseLogger - skip non existing resourceDirectory D:\SPRING MICROSERVICES\MicroservicesWorkspace\FaresFlightTickets\src\test\resources
2018-05-07 09:42:05,273 [Worker-22] INFO  o.e.m.c.i.embedder.EclipseLogger - Using 'UTF-8' encoding to copy filtered resources.
2018-05-07 09:42:05,274 [Worker-22] INFO  o.e.m.c.i.embedder.EclipseLogger - Copying 1 resource
2018-05-07 09:42:05,276 [Worker-22] INFO  o.e.m.c.i.embedder.EclipseLogger - Copying 7 resources
2018-05-07 09:42:05,390 [Worker-22] INFO  o.e.m.c.i.embedder.EclipseLogger - Using 'UTF-8' encoding to copy filtered resources.
2018-05-07 09:42:05,390 [Worker-22] INFO  o.e.m.c.i.embedder.EclipseLogger - skip non existing resourceDirectory D:\SPRING MICROSERVICES\MicroservicesWorkspace\FlightsWebSite\src\test\resources
2018-05-07 09:42:06,845 [Worker-22] INFO  o.e.m.c.i.embedder.EclipseLogger - Using 'UTF-8' encoding to copy filtered resources.
2018-05-07 09:42:06,845 [Worker-22] INFO  o.e.m.c.i.embedder.EclipseLogger - Copying 1 resource
2018-05-07 09:42:06,887 [Worker-22] INFO  o.e.m.c.i.embedder.EclipseLogger - Copying 0 resource
2018-05-07 09:42:06,888 [Worker-22] INFO  o.e.m.c.i.embedder.EclipseLogger - Using 'UTF-8' encoding to copy filtered resources.
2018-05-07 09:42:06,888 [Worker-22] INFO  o.e.m.c.i.embedder.EclipseLogger - skip non existing resourceDirectory D:\SPRING MICROSERVICES\MicroservicesWorkspace\SearchFlightTickets\src\test\resources
2018-05-07 09:42:08,386 [Worker-22] INFO  o.e.m.c.i.embedder.EclipseLogger - Using 'UTF-8' encoding to copy filtered resources.
2018-05-07 09:42:08,386 [Worker-22] INFO  o.e.m.c.i.embedder.EclipseLogger - Copying 1 resource
2018-05-07 09:42:08,387 [Worker-22] INFO  o.e.m.c.i.embedder.EclipseLogger - Copying 0 resource
2018-05-07 09:42:08,389 [Worker-22] INFO  o.e.m.c.i.embedder.EclipseLogger - Using 'UTF-8' encoding to copy filtered resources.
2018-05-07 09:42:08,390 [Worker-22] INFO  o.e.m.c.i.embedder.EclipseLogger - skip non existing resourceDirectory D:\SPRING MICROSERVICES\MicroservicesWorkspace\spring-boot-admin\src\test\resources
2018-05-07 15:46:09,888 [Worker-10] INFO  o.e.m.c.i.p.ProjectConfigurationManager - Imported and configured 1 project(s) in 0 sec
2018-05-07 15:46:09,913 [Worker-10] INFO  o.e.m.c.i.p.ProjectConfigurationManager - Update started
2018-05-07 15:46:11,141 [Worker-10] INFO  o.e.m.c.i.p.ProjectConfigurationManager - Update completed: 1 sec
2018-05-07 15:46:18,381 [Worker-14] INFO  o.e.m.c.i.embedder.EclipseLogger - Using 'UTF-8' encoding to copy filtered resources.
2018-05-07 15:46:18,386 [Worker-14] INFO  o.e.m.c.i.embedder.EclipseLogger - Copying 1 resource
2018-05-07 15:46:18,448 [Worker-14] INFO  o.e.m.c.i.embedder.EclipseLogger - Copying 0 resource
2018-05-07 15:46:18,452 [Worker-14] INFO  o.e.m.c.i.embedder.EclipseLogger - Using 'UTF-8' encoding to copy filtered resources.
2018-05-07 15:46:18,452 [Worker-14] INFO  o.e.m.c.i.embedder.EclipseLogger - skip non existing resourceDirectory D:\SPRING MICROSERVICES\MicroservicesWorkspace\BookingFlightTickets\src\test\resources
2018-05-07 15:46:22,053 [Worker-14] INFO  o.e.m.c.i.embedder.EclipseLogger - Using 'UTF-8' encoding to copy filtered resources.
2018-05-07 15:46:22,053 [Worker-14] INFO  o.e.m.c.i.embedder.EclipseLogger - Copying 1 resource
2018-05-07 15:46:22,096 [Worker-14] INFO  o.e.m.c.i.embedder.EclipseLogger - Copying 0 resource
2018-05-07 15:46:22,098 [Worker-14] INFO  o.e.m.c.i.embedder.EclipseLogger - Using 'UTF-8' encoding to copy filtered resources.
2018-05-07 15:46:22,098 [Worker-14] INFO  o.e.m.c.i.embedder.EclipseLogger - skip non existing resourceDirectory D:\SPRING MICROSERVICES\MicroservicesWorkspace\CheckInCustomers\src\test\resources
2018-05-07 15:46:23,764 [Worker-14] INFO  o.e.m.c.i.embedder.EclipseLogger - Using 'UTF-8' encoding to copy filtered resources.
2018-05-07 15:46:23,765 [Worker-14] INFO  o.e.m.c.i.embedder.EclipseLogger - Copying 1 resource
2018-05-07 15:46:23,773 [Worker-14] INFO  o.e.m.c.i.embedder.EclipseLogger - Copying 0 resource
2018-05-07 15:46:23,776 [Worker-14] INFO  o.e.m.c.i.embedder.EclipseLogger - Using 'UTF-8' encoding to copy filtered resources.
2018-05-07 15:46:23,776 [Worker-14] INFO  o.e.m.c.i.embedder.EclipseLogger - skip non existing resourceDirectory D:\SPRING MICROSERVICES\MicroservicesWorkspace\FaresFlightTickets\src\test\resources
2018-05-07 15:46:25,317 [Worker-14] INFO  o.e.m.c.i.embedder.EclipseLogger - Using 'UTF-8' encoding to copy filtered resources.
2018-05-07 15:46:25,321 [Worker-14] INFO  o.e.m.c.i.embedder.EclipseLogger - Copying 1 resource
2018-05-07 15:46:25,323 [Worker-14] INFO  o.e.m.c.i.embedder.EclipseLogger - Copying 7 resources
2018-05-07 15:46:25,338 [Worker-14] INFO  o.e.m.c.i.embedder.EclipseLogger - Using 'UTF-8' encoding to copy filtered resources.
2018-05-07 15:46:25,338 [Worker-14] INFO  o.e.m.c.i.embedder.EclipseLogger - skip non existing resourceDirectory D:\SPRING MICROSERVICES\MicroservicesWorkspace\FlightsWebSite\src\test\resources
2018-05-07 15:46:26,951 [Worker-14] INFO  o.e.m.c.i.embedder.EclipseLogger - Using 'UTF-8' encoding to copy filtered resources.
2018-05-07 15:46:26,951 [Worker-14] INFO  o.e.m.c.i.embedder.EclipseLogger - Copying 1 resource
2018-05-07 15:46:27,025 [Worker-14] INFO  o.e.m.c.i.embedder.EclipseLogger - Copying 0 resource
2018-05-07 15:46:27,040 [Worker-14] INFO  o.e.m.c.i.embedder.EclipseLogger - Using 'UTF-8' encoding to copy filtered resources.
2018-05-07 15:46:27,041 [Worker-14] INFO  o.e.m.c.i.embedder.EclipseLogger - skip non existing resourceDirectory D:\SPRING MICROSERVICES\MicroservicesWorkspace\SearchFlightTickets\src\test\resources
2018-05-07 15:46:29,600 [Worker-14] INFO  o.e.m.c.i.embedder.EclipseLogger - Using 'UTF-8' encoding to copy filtered resources.
2018-05-07 15:46:29,602 [Worker-14] INFO  o.e.m.c.i.embedder.EclipseLogger - Copying 1 resource
2018-05-07 15:46:29,604 [Worker-14] INFO  o.e.m.c.i.embedder.EclipseLogger - Copying 0 resource
2018-05-07 15:46:29,612 [Worker-14] INFO  o.e.m.c.i.embedder.EclipseLogger - Using 'UTF-8' encoding to copy filtered resources.
2018-05-07 15:46:29,613 [Worker-14] INFO  o.e.m.c.i.embedder.EclipseLogger - skip non existing resourceDirectory D:\SPRING MICROSERVICES\MicroservicesWorkspace\spring-boot-admin\src\test\resources
2018-05-07 15:47:29,416 [Worker-17] ERROR o.e.m.c.i.p.r.ProjectRegistryManager - Failed to read Maven project: 1 problem was encountered while building the effective model for com.example:demo:0.0.1-SNAPSHOT
[FATAL] Non-resolvable parent POM for org.springframework.boot:spring-boot-starter-parent:[unknown-version]: Failure to transfer org.springframework.boot:spring-boot-dependencies:pom:2.0.1.RELEASE from https://repo.maven.apache.org/maven2 was cached in the local repository, resolution will not be reattempted until the update interval of central has elapsed or updates are forced. Original error: Could not transfer artifact org.springframework.boot:spring-boot-dependencies:pom:2.0.1.RELEASE from/to central (https://repo.maven.apache.org/maven2): The operation was cancelled. @ org.springframework.boot:spring-boot-starter-parent:[unknown-version], C:\Users\Aspire-Ramesh\.m2\repository\org\springframework\boot\spring-boot-starter-parent\2.0.1.RELEASE\spring-boot-starter-parent-2.0.1.RELEASE.pom, line 3, column 13
 for project com.example:demo:0.0.1-SNAPSHOT at D:\SPRING MICROSERVICES\MicroservicesWorkspace\Demo\pom.xml
org.apache.maven.project.ProjectBuildingException: 1 problem was encountered while building the effective model for com.example:demo:0.0.1-SNAPSHOT
[FATAL] Non-resolvable parent POM for org.springframework.boot:spring-boot-starter-parent:[unknown-version]: Failure to transfer org.springframework.boot:spring-boot-dependencies:pom:2.0.1.RELEASE from https://repo.maven.apache.org/maven2 was cached in the local repository, resolution will not be reattempted until the update interval of central has elapsed or updates are forced. Original error: Could not transfer artifact org.springframework.boot:spring-boot-dependencies:pom:2.0.1.RELEASE from/to central (https://repo.maven.apache.org/maven2): The operation was cancelled. @ org.springframework.boot:spring-boot-starter-parent:[unknown-version], C:\Users\Aspire-Ramesh\.m2\repository\org\springframework\boot\spring-boot-starter-parent\2.0.1.RELEASE\spring-boot-starter-parent-2.0.1.RELEASE.pom, line 3, column 13
 for project com.example:demo:0.0.1-SNAPSHOT at D:\SPRING MICROSERVICES\MicroservicesWorkspace\Demo\pom.xml
	at org.apache.maven.project.DefaultProjectBuilder.build(DefaultProjectBuilder.java:168) ~[maven-core-3.3.3.jar:3.3.3]
	at org.apache.maven.project.DefaultProjectBuilder.build(DefaultProjectBuilder.java:119) ~[maven-core-3.3.3.jar:3.3.3]
	at org.eclipse.m2e.core.internal.embedder.MavenImpl.readMavenProject(MavenImpl.java:636) ~[org.eclipse.m2e.core_1.6.2.20150902-0002.jar:na]
	at org.eclipse.m2e.core.internal.project.registry.ProjectRegistryManager$5.call(ProjectRegistryManager.java:815) ~[org.eclipse.m2e.core_1.6.2.20150902-0002.jar:na]
	at org.eclipse.m2e.core.internal.project.registry.ProjectRegistryManager$5.call(ProjectRegistryManager.java:1) ~[org.eclipse.m2e.core_1.6.2.20150902-0002.jar:na]
	at org.eclipse.m2e.core.internal.embedder.MavenExecutionContext.executeBare(MavenExecutionContext.java:176) ~[org.eclipse.m2e.core_1.6.2.20150902-0002.jar:na]
	at org.eclipse.m2e.core.internal.embedder.MavenExecutionContext.execute(MavenExecutionContext.java:151) ~[org.eclipse.m2e.core_1.6.2.20150902-0002.jar:na]
	at org.eclipse.m2e.core.internal.embedder.MavenExecutionContext.execute(MavenExecutionContext.java:99) ~[org.eclipse.m2e.core_1.6.2.20150902-0002.jar:na]
	at org.eclipse.m2e.core.internal.project.registry.ProjectRegistryManager.execute(ProjectRegistryManager.java:956) ~[org.eclipse.m2e.core_1.6.2.20150902-0002.jar:na]
	at org.eclipse.m2e.core.internal.project.registry.ProjectRegistryManager.readProjectWithDependencies(ProjectRegistryManager.java:811) ~[org.eclipse.m2e.core_1.6.2.20150902-0002.jar:na]
	at org.eclipse.m2e.core.internal.project.registry.ProjectRegistryManager.create(ProjectRegistryManager.java:191) ~[org.eclipse.m2e.core_1.6.2.20150902-0002.jar:na]
	at org.eclipse.m2e.core.internal.project.registry.MavenProjectManager.create(MavenProjectManager.java:80) [org.eclipse.m2e.core_1.6.2.20150902-0002.jar:na]
	at org.eclipse.m2e.core.ui.internal.actions.SelectionUtil.getMavenProject(SelectionUtil.java:259) [org.eclipse.m2e.core.ui_1.6.2.20150902-0002.jar:na]
	at org.eclipse.m2e.editor.pom.MavenPomEditor.readMavenProject(MavenPomEditor.java:729) [org.eclipse.m2e.editor_1.6.2.20150902-0002.jar:na]
	at org.eclipse.m2e.editor.pom.MavenPomEditor$5.run(MavenPomEditor.java:1050) [org.eclipse.m2e.editor_1.6.2.20150902-0002.jar:na]
	at org.eclipse.core.internal.jobs.Worker.run(Worker.java:55) [org.eclipse.core.jobs_3.7.0.v20150330-2103.jar:na]
Caused by: org.apache.maven.model.building.ModelBuildingException: 1 problem was encountered while building the effective model for com.example:demo:0.0.1-SNAPSHOT
[FATAL] Non-resolvable parent POM for org.springframework.boot:spring-boot-starter-parent:[unknown-version]: Failure to transfer org.springframework.boot:spring-boot-dependencies:pom:2.0.1.RELEASE from https://repo.maven.apache.org/maven2 was cached in the local repository, resolution will not be reattempted until the update interval of central has elapsed or updates are forced. Original error: Could not transfer artifact org.springframework.boot:spring-boot-dependencies:pom:2.0.1.RELEASE from/to central (https://repo.maven.apache.org/maven2): The operation was cancelled. @ org.springframework.boot:spring-boot-starter-parent:[unknown-version], C:\Users\Aspire-Ramesh\.m2\repository\org\springframework\boot\spring-boot-starter-parent\2.0.1.RELEASE\spring-boot-starter-parent-2.0.1.RELEASE.pom, line 3, column 13

	at org.apache.maven.model.building.DefaultModelProblemCollector.newModelBuildingException(DefaultModelProblemCollector.java:197) ~[maven-model-builder-3.3.3.jar:3.3.3]
	at org.apache.maven.model.building.DefaultModelBuilder.readParentExternally(DefaultModelBuilder.java:1007) ~[maven-model-builder-3.3.3.jar:3.3.3]
	at org.apache.maven.model.building.DefaultModelBuilder.readParent(DefaultModelBuilder.java:796) ~[maven-model-builder-3.3.3.jar:3.3.3]
	at org.apache.maven.model.building.DefaultModelBuilder.build(DefaultModelBuilder.java:325) ~[maven-model-builder-3.3.3.jar:3.3.3]
	at org.apache.maven.project.DefaultProjectBuilder.build(DefaultProjectBuilder.java:161) ~[maven-core-3.3.3.jar:3.3.3]
	... 15 common frames omitted
2018-05-07 15:57:24,173 [Worker-0] INFO  c.g.t.t.d.PublishedGradleVersions - Gradle version information cache is up-to-date. Trying to read.
